<?xml version="1.0" encoding="UTF-8"?>
<testsuite xmlns:xsi="http://www.w3.org/2001/XMLSchema-instance" xsi:noNamespaceSchemaLocation="https://maven.apache.org/surefire/maven-surefire-plugin/xsd/surefire-test-report-3.0.xsd" version="3.0" name="tn.tpfoyer.service.BlocServiceImplTest" time="2.292" tests="8" errors="0" skipped="0" failures="0">
  <properties>
[...]
</properties>
  <testcase name="testTrouverBlocsSansFoyer" classname="tn.tpfoyer.service.BlocServiceImplTest" time="2.034"/>
  <testcase name="testSqlInjectionOnInsert1" classname="tn.tpfoyer.service.BlocServiceImplTest" time="0.15">
    <system-out><![CDATA[Bloc créé avec une tentative d'injection SQL: '; DROP TABLE bloc; --
Simulation d'une exception lors de l'enregistrement du bloc
Exception levée avec le message: could not execute statement
Test terminé, vérification que la méthode save a été appelée
]]></system-out>
  </testcase>
  <testcase name="testRetrieveAllBlocs" classname="tn.tpfoyer.service.BlocServiceImplTest" time="0.023">
    <system-out><![CDATA[18:39:12.352 [main] INFO tn.esprit.tpfoyer.service.BlocServiceImpl -- taille totale : 2
18:39:12.363 [main] INFO tn.esprit.tpfoyer.service.BlocServiceImpl -- Bloc : Bloc(idBloc=1, nomBloc=Bloc A, capaciteBloc=50, foyer=Foyer(idFoyer=null, nomFoyer=null, capaciteFoyer=0))
18:39:12.363 [main] INFO tn.esprit.tpfoyer.service.BlocServiceImpl -- Bloc : Bloc(idBloc=2, nomBloc=Bloc B, capaciteBloc=100, foyer=Foyer(idFoyer=null, nomFoyer=null, capaciteFoyer=0))
]]></system-out>
  </testcase>
  <testcase name="testAddBloc" classname="tn.tpfoyer.service.BlocServiceImplTest" time="0.008"/>
  <testcase name="testModifyBloc" classname="tn.tpfoyer.service.BlocServiceImplTest" time="0.004"/>
  <testcase name="testTrouverBlocsParNomEtCap" classname="tn.tpfoyer.service.BlocServiceImplTest" time="0.005"/>
  <testcase name="testSqlInjectionOnInsert" classname="tn.tpfoyer.service.BlocServiceImplTest" time="0.004">
    <system-out><![CDATA[Bloc enregistré avec succès. Aucune exception levée.
Nombre de blocs dans la table après l'insertion : 0
Nombre de blocs existants : 0
]]></system-out>
  </testcase>
  <testcase name="testRetrieveBloc" classname="tn.tpfoyer.service.BlocServiceImplTest" time="0.004"/>
</testsuite>